This is pdfTeX, Version 3.1415926-2.4-1.40.13 (TeX Live 2012/W32TeX) (format=pdflatex 2013.3.9)  11 MAR 2013 13:06
entering extended mode
 restricted \write18 enabled.
 %&-line parsing enabled.
**FEA_Routine.tex
(./FEA_Routine.tex
LaTeX2e <2011/06/27>
Babel <v3.8m> and hyphenation patterns for english, dumylang, nohyphenation, ge
rman-x-2012-05-30, ngerman-x-2012-05-30, afrikaans, ancientgreek, ibycus, arabi
c, armenian, basque, bulgarian, catalan, pinyin, coptic, croatian, czech, danis
h, dutch, ukenglish, usenglishmax, esperanto, estonian, ethiopic, farsi, finnis
h, french, friulan, galician, german, ngerman, swissgerman, monogreek, greek, h
ungarian, icelandic, assamese, bengali, gujarati, hindi, kannada, malayalam, ma
rathi, oriya, panjabi, tamil, telugu, indonesian, interlingua, irish, italian, 
kurmanji, latin, latvian, lithuanian, mongolian, mongolianlmc, bokmal, nynorsk,
 piedmontese, polish, portuguese, romanian, romansh, russian, sanskrit, serbian
, serbianc, slovak, slovenian, spanish, swedish, turkish, turkmen, ukrainian, u
ppersorbian, welsh, loaded.
(c:/texlive/2012/texmf-dist/tex/latex/base/article.cls
Document Class: article 2007/10/19 v1.4h Standard LaTeX document class
(c:/texlive/2012/texmf-dist/tex/latex/base/size10.clo
File: size10.clo 2007/10/19 v1.4h Standard LaTeX file (size option)
)
\c@part=\count79
\c@section=\count80
\c@subsection=\count81
\c@subsubsection=\count82
\c@paragraph=\count83
\c@subparagraph=\count84
\c@figure=\count85
\c@table=\count86
\abovecaptionskip=\skip41
\belowcaptionskip=\skip42
\bibindent=\dimen102
)
(c:/texlive/2012/texmf-dist/tex/latex/graphics/graphicx.sty
Package: graphicx 1999/02/16 v1.0f Enhanced LaTeX Graphics (DPC,SPQR)

(c:/texlive/2012/texmf-dist/tex/latex/graphics/keyval.sty
Package: keyval 1999/03/16 v1.13 key=value parser (DPC)
\KV@toks@=\toks14
)
(c:/texlive/2012/texmf-dist/tex/latex/graphics/graphics.sty
Package: graphics 2009/02/05 v1.0o Standard LaTeX Graphics (DPC,SPQR)

(c:/texlive/2012/texmf-dist/tex/latex/graphics/trig.sty
Package: trig 1999/03/16 v1.09 sin cos tan (DPC)
)
(c:/texlive/2012/texmf-dist/tex/latex/latexconfig/graphics.cfg
File: graphics.cfg 2010/04/23 v1.9 graphics configuration of TeX Live
)
Package graphics Info: Driver file: pdftex.def on input line 91.

(c:/texlive/2012/texmf-dist/tex/latex/pdftex-def/pdftex.def
File: pdftex.def 2011/05/27 v0.06d Graphics/color for pdfTeX

(c:/texlive/2012/texmf-dist/tex/generic/oberdiek/infwarerr.sty
Package: infwarerr 2010/04/08 v1.3 Providing info/warning/error messages (HO)
)
(c:/texlive/2012/texmf-dist/tex/generic/oberdiek/ltxcmds.sty
Package: ltxcmds 2011/11/09 v1.22 LaTeX kernel commands for general use (HO)
)
\Gread@gobject=\count87
))
\Gin@req@height=\dimen103
\Gin@req@width=\dimen104
)
(c:/texlive/2012/texmf-dist/tex/latex/graphics/color.sty
Package: color 2005/11/14 v1.0j Standard LaTeX Color (DPC)

(c:/texlive/2012/texmf-dist/tex/latex/latexconfig/color.cfg
File: color.cfg 2007/01/18 v1.5 color configuration of teTeX/TeXLive
)
Package color Info: Driver file: pdftex.def on input line 130.
)
No file FEA_Routine.aux.
\openout1 = `FEA_Routine.aux'.

LaTeX Font Info:    Checking defaults for OML/cmm/m/it on input line 13.
LaTeX Font Info:    ... okay on input line 13.
LaTeX Font Info:    Checking defaults for T1/cmr/m/n on input line 13.
LaTeX Font Info:    ... okay on input line 13.
LaTeX Font Info:    Checking defaults for OT1/cmr/m/n on input line 13.
LaTeX Font Info:    ... okay on input line 13.
LaTeX Font Info:    Checking defaults for OMS/cmsy/m/n on input line 13.
LaTeX Font Info:    ... okay on input line 13.
LaTeX Font Info:    Checking defaults for OMX/cmex/m/n on input line 13.
LaTeX Font Info:    ... okay on input line 13.
LaTeX Font Info:    Checking defaults for U/cmr/m/n on input line 13.
LaTeX Font Info:    ... okay on input line 13.
(c:/texlive/2012/texmf-dist/tex/context/base/supp-pdf.mkii
[Loading MPS to PDF converter (version 2006.09.02).]
\scratchcounter=\count88
\scratchdimen=\dimen105
\scratchbox=\box26
\nofMPsegments=\count89
\nofMParguments=\count90
\everyMPshowfont=\toks15
\MPscratchCnt=\count91
\MPscratchDim=\dimen106
\MPnumerator=\count92
\makeMPintoPDFobject=\count93
\everyMPtoPDFconversion=\toks16
) (c:/texlive/2012/texmf-dist/tex/generic/oberdiek/pdftexcmds.sty
Package: pdftexcmds 2011/11/29 v0.20 Utility functions of pdfTeX for LuaTeX (HO
)

(c:/texlive/2012/texmf-dist/tex/generic/oberdiek/ifluatex.sty
Package: ifluatex 2010/03/01 v1.3 Provides the ifluatex switch (HO)
Package ifluatex Info: LuaTeX not detected.
)
(c:/texlive/2012/texmf-dist/tex/generic/oberdiek/ifpdf.sty
Package: ifpdf 2011/01/30 v2.3 Provides the ifpdf switch (HO)
Package ifpdf Info: pdfTeX in PDF mode is detected.
)
Package pdftexcmds Info: LuaTeX not detected.
Package pdftexcmds Info: \pdf@primitive is available.
Package pdftexcmds Info: \pdf@ifprimitive is available.
Package pdftexcmds Info: \pdfdraftmode found.
)
(c:/texlive/2012/texmf-dist/tex/latex/oberdiek/epstopdf-base.sty
Package: epstopdf-base 2010/02/09 v2.5 Base part for package epstopdf

(c:/texlive/2012/texmf-dist/tex/latex/oberdiek/grfext.sty
Package: grfext 2010/08/19 v1.1 Manage graphics extensions (HO)

(c:/texlive/2012/texmf-dist/tex/generic/oberdiek/kvdefinekeys.sty
Package: kvdefinekeys 2011/04/07 v1.3 Define keys (HO)
))
(c:/texlive/2012/texmf-dist/tex/latex/oberdiek/kvoptions.sty
Package: kvoptions 2011/06/30 v3.11 Key value format for package options (HO)

(c:/texlive/2012/texmf-dist/tex/generic/oberdiek/kvsetkeys.sty
Package: kvsetkeys 2012/04/25 v1.16 Key value parser (HO)

(c:/texlive/2012/texmf-dist/tex/generic/oberdiek/etexcmds.sty
Package: etexcmds 2011/02/16 v1.5 Avoid name clashes with e-TeX commands (HO)
Package etexcmds Info: Could not find \expanded.
(etexcmds)             That can mean that you are not using pdfTeX 1.50 or
(etexcmds)             that some package has redefined \expanded.
(etexcmds)             In the latter case, load this package earlier.
)))
Package grfext Info: Graphics extension search list:
(grfext)             [.png,.pdf,.jpg,.mps,.jpeg,.jbig2,.jb2,.PNG,.PDF,.JPG,.JPE
G,.JBIG2,.JB2,.eps]
(grfext)             \AppendGraphicsExtensions on input line 452.

(c:/texlive/2012/texmf-dist/tex/latex/latexconfig/epstopdf-sys.cfg
File: epstopdf-sys.cfg 2010/07/13 v1.3 Configuration of (r)epstopdf for TeX Liv
e
))
Overfull \hbox (510.74254pt too wide) in paragraph at lines 221--221
[]\OT1/cmtt/m/n/10 function [ SX,SY,SZ,SSTRAIN,X,Y,Z,Displacements,dimensions] 
= FEA_Routine( meshx_sample,meshy,meshz,aspectab,aspectac,bcmode,ex,ey,ez,mater
ial_type,styecastratio )[] 
 []


Overfull \hbox (38.24666pt too wide) in paragraph at lines 221--221
[]\OT1/cmtt/m/n/10 %FEA_Routine: Performs mesh generation and solution of elast
icity problem[] 
 []


Overfull \hbox (1.49698pt too wide) in paragraph at lines 221--221
[]\OT1/cmtt/m/n/10 %___________________________________________________________
______[] 
 []


Overfull \hbox (48.74657pt too wide) in paragraph at lines 221--221
[]\OT1/cmtt/m/n/10 %|This function assembles a cuboidal mesh of 8-node hexahedr
al elements for[] 
 []


Overfull \hbox (74.99634pt too wide) in paragraph at lines 221--221
[]\OT1/cmtt/m/n/10 %input argument specified aspect ratios. It then imposes one
 of a predefined set[] 
 []


Overfull \hbox (43.49661pt too wide) in paragraph at lines 221--221
[]\OT1/cmtt/m/n/10 %of boundary conditions on the system and then solves for th
e displacement[] 
 []


Overfull \hbox (22.4968pt too wide) in paragraph at lines 221--221
[]\OT1/cmtt/m/n/10 %field. The system stiffness matrix is assembled  and the di
splacement[] 
 []


Overfull \hbox (27.74675pt too wide) in paragraph at lines 221--221
[]\OT1/cmtt/m/n/10 %meshx_sample:   The number of elements along the x -directi
on that the[] 
 []


Overfull \hbox (32.9967pt too wide) in paragraph at lines 221--221
[]\OT1/cmtt/m/n/10 %sample outside the stycast should have. Extra elements are 
added by the[] 
 []


Overfull \hbox (43.49661pt too wide) in paragraph at lines 221--221
[]\OT1/cmtt/m/n/10 %bcmode: Boundary condition type. Takes values 1,2,3 corresp
onding to only[] 
 []


Overfull \hbox (27.74675pt too wide) in paragraph at lines 221--221
[]\OT1/cmtt/m/n/10 %edges of end faces clamped, ends embedded in stycast, end e
mbedded but[] 
 []


Overfull \hbox (6.74693pt too wide) in paragraph at lines 221--221
[]\OT1/cmtt/m/n/10 %ex,ey,ez imposed strains along the x,y,z directions. Note t
hat +ve[] 
 []


Overfull \hbox (1.49698pt too wide) in paragraph at lines 221--221
[]\OT1/cmtt/m/n/10 %|material_type: takes values 1,2 correspondong to Sr$2$RuO$
4$ and[] 
 []


Overfull \hbox (6.74693pt too wide) in paragraph at lines 221--221
[]\OT1/cmtt/m/n/10 %styecast_ratio: Extra length of crystal at each end is embe
dded in[] 
 []


Overfull \hbox (258.74474pt too wide) in paragraph at lines 221--221
[]\OT1/cmtt/m/n/10 %| SX, SY, SZ are mxnxp arrays specifying the X, Y, Z co-ord
inates of the centre of the elements in meshgrid format[] 
 []


Overfull \hbox (27.74675pt too wide) in paragraph at lines 221--221
[]\OT1/cmtt/m/n/10 % SSTRAIN is an mxnxpx6 arrays holding the strains 1-6 evalu
ated at the[] 
 []


Overfull \hbox (32.9967pt too wide) in paragraph at lines 221--221
[]\OT1/cmtt/m/n/10 %X,Y,Z specific co-ordinates of nodes in a format that will 
be described[] 
 []


Overfull \hbox (80.24629pt too wide) in paragraph at lines 221--221
[]\OT1/cmtt/m/n/10 %Displacements holds the displacements in a format specified
 alongside allocation[] 
 []


Overfull \hbox (43.49661pt too wide) in paragraph at lines 221--221
[]\OT1/cmtt/m/n/10 %dimensions: Vector is the format [ total x-length, sample x
-length, total[] 
 []

[1

{c:/texlive/2012/texmf-var/fonts/map/pdftex/updmap/pdftex.map}]
Overfull \hbox (32.9967pt too wide) in paragraph at lines 221--221
[]\OT1/cmtt/m/n/10 %Calculate meshx_sty = # elements in x embedded in stycast, 
set equal to[] 
 []

[2]
Overfull \hbox (48.74657pt too wide) in paragraph at lines 221--221
[]      \OT1/cmtt/m/n/10 E=Emag/((1+v)*(1-2*v))*[1-v ,  v , v ,  0      ,    0 
   ,    0     ;[] 
 []


Overfull \hbox (43.49661pt too wide) in paragraph at lines 221--221
[]                              \OT1/cmtt/m/n/10 v  ,1-v , v ,  0      ,    0  
  ,    0     ;[] 
 []


Overfull \hbox (43.49661pt too wide) in paragraph at lines 221--221
[]                              \OT1/cmtt/m/n/10 v  ,  v ,1-v,  0      ,    0  
  ,    0     ;[] 
 []


Overfull \hbox (43.49661pt too wide) in paragraph at lines 221--221
[]                              \OT1/cmtt/m/n/10 0  ,  0 , 0 ,(1-2*v)/2,    0  
  ,    0     ;[] 
 []


Overfull \hbox (43.49661pt too wide) in paragraph at lines 221--221
[]                              \OT1/cmtt/m/n/10 0  ,  0 , 0 ,  0      ,(1-2*v)
/2,    0     ;[] 
 []


Overfull \hbox (43.49661pt too wide) in paragraph at lines 221--221
[]                              \OT1/cmtt/m/n/10 0  ,  0 , 0 ,  0      ,    0  
  ,(1-2*v)/2];[] 
 []


Overfull \hbox (48.74657pt too wide) in paragraph at lines 221--221
[]\OT1/cmtt/m/n/10 %____PREPROCESSOR___________________________________________
______________%[] 
 []


Overfull \hbox (22.4968pt too wide) in paragraph at lines 221--221
[]\OT1/cmtt/m/n/10 %Generates mesh co-ordinates and topology. See Preprocessor.
m for full[] 
 []


Overfull \hbox (43.49661pt too wide) in paragraph at lines 221--221
[]\OT1/cmtt/m/n/10 [Cor , Pos, sample,total]=Preprocessor( aspectab,aspectac,me
shx_sample,...[] 
 []


Overfull \hbox (48.74657pt too wide) in paragraph at lines 221--221
[] \OT1/cmtt/m/n/10 meshx_sty,meshx,meshy,meshz,bcmode,styecastratio,nodes,node
x,nodey,nodez);[] 
 []


Overfull \hbox (48.74657pt too wide) in paragraph at lines 221--221
[]\OT1/cmtt/m/n/10 %___________________________________________________________
______________%[] 
 []


Overfull \hbox (43.49661pt too wide) in paragraph at lines 221--221
[]\OT1/cmtt/m/n/10 %__Generate Boundary Conditions_____________________________
______________[] 
 []


Overfull \hbox (32.9967pt too wide) in paragraph at lines 221--221
[]\OT1/cmtt/m/n/10 [Re,R,dofConstraints,P]=Boundary_Conditions(Pos,Cor,ex, ey, 
ez,nodes,...[] 
 []


Overfull \hbox (43.49661pt too wide) in paragraph at lines 221--221
[]\OT1/cmtt/m/n/10 %___________________________________________________________
______________[] 
 []


Overfull \hbox (22.4968pt too wide) in paragraph at lines 221--221
[]\OT1/cmtt/m/n/10 %___Solver__________________________________________________
_________%[] 
 []


Overfull \hbox (48.74657pt too wide) in paragraph at lines 221--221
[]\OT1/cmtt/m/n/10 %Generates system stiffness matrix, enforces boundary condit
ions and solves[] 
 []

[3]
Overfull \hbox (32.9967pt too wide) in paragraph at lines 221--221
[]\OT1/cmtt/m/n/10 %___________________________________________________________
___________%[] 
 []


Overfull \hbox (32.9967pt too wide) in paragraph at lines 221--221
[]\OT1/cmtt/m/n/10 %___Strain Calculation______________________________________
___________%[] 
 []


Overfull \hbox (38.24666pt too wide) in paragraph at lines 221--221
[] \OT1/cmtt/m/n/10 %__________________________________________________________
____________%[] 
 []


Overfull \hbox (6.74693pt too wide) in paragraph at lines 221--221
[] \OT1/cmtt/m/n/10 %Generates arrays X,Y,Z that specify node co-ordinates in t
he form[] 
 []


Overfull \hbox (22.4968pt too wide) in paragraph at lines 221--221
[] \OT1/cmtt/m/n/10 % x coordinate of node in element m with local node number 
n = X(n,m)[] 
 []


Overfull \hbox (38.24666pt too wide) in paragraph at lines 221--221
[]\OT1/cmtt/m/n/10 % Calculate the centre of each element: x coordinate at cent
re of element[] 
 []


Overfull \hbox (43.49661pt too wide) in paragraph at lines 221--221
[]\OT1/cmtt/m/n/10 %Element centre coordinates and strains are put into the arr
ays SX, SY, SZ[] 
 []


Overfull \hbox (22.4968pt too wide) in paragraph at lines 221--221
[]\OT1/cmtt/m/n/10 %described in the header. These are of the form required by 
the matlab[] 
 []

[4]
Overfull \hbox (32.9967pt too wide) in paragraph at lines 221--221
[]\OT1/cmtt/m/n/10 % [ sample length in x, sl y, slz, total length in x,tl y, t
lz, meshx...[] 
 []

[5] (./FEA_Routine.aux) ) 
Here is how much of TeX's memory you used:
 1502 strings out of 493481
 21420 string characters out of 3144420
 80390 words of memory out of 3000000
 4828 multiletter control sequences out of 15000+200000
 3808 words of font info for 15 fonts, out of 3000000 for 9000
 957 hyphenation exceptions out of 8191
 38i,5n,23p,241b,240s stack positions out of 5000i,500n,10000p,200000b,50000s
<c:/texlive/2012/texmf-dist/fonts/type1/public/amsfont
s/cm/cmr10.pfb><c:/texlive/2012/texmf-dist/fonts/type1/public/amsfonts/cm/cmtt1
0.pfb>
Output written on FEA_Routine.pdf (5 pages, 34098 bytes).
PDF statistics:
 28 PDF objects out of 1000 (max. 8388607)
 18 compressed objects within 1 object stream
 0 named destinations out of 1000 (max. 500000)
 1 words of extra memory for PDF output out of 10000 (max. 10000000)

