This is pdfTeX, Version 3.1415926-2.4-1.40.13 (TeX Live 2012/W32TeX) (format=pdflatex 2013.3.9)  11 MAR 2013 15:25
entering extended mode
 restricted \write18 enabled.
 %&-line parsing enabled.
**Solver_v2.tex
(./Solver_v2.tex
LaTeX2e <2011/06/27>
Babel <v3.8m> and hyphenation patterns for english, dumylang, nohyphenation, ge
rman-x-2012-05-30, ngerman-x-2012-05-30, afrikaans, ancientgreek, ibycus, arabi
c, armenian, basque, bulgarian, catalan, pinyin, coptic, croatian, czech, danis
h, dutch, ukenglish, usenglishmax, esperanto, estonian, ethiopic, farsi, finnis
h, french, friulan, galician, german, ngerman, swissgerman, monogreek, greek, h
ungarian, icelandic, assamese, bengali, gujarati, hindi, kannada, malayalam, ma
rathi, oriya, panjabi, tamil, telugu, indonesian, interlingua, irish, italian, 
kurmanji, latin, latvian, lithuanian, mongolian, mongolianlmc, bokmal, nynorsk,
 piedmontese, polish, portuguese, romanian, romansh, russian, sanskrit, serbian
, serbianc, slovak, slovenian, spanish, swedish, turkish, turkmen, ukrainian, u
ppersorbian, welsh, loaded.
(c:/texlive/2012/texmf-dist/tex/latex/base/article.cls
Document Class: article 2007/10/19 v1.4h Standard LaTeX document class
(c:/texlive/2012/texmf-dist/tex/latex/base/size10.clo
File: size10.clo 2007/10/19 v1.4h Standard LaTeX file (size option)
)
\c@part=\count79
\c@section=\count80
\c@subsection=\count81
\c@subsubsection=\count82
\c@paragraph=\count83
\c@subparagraph=\count84
\c@figure=\count85
\c@table=\count86
\abovecaptionskip=\skip41
\belowcaptionskip=\skip42
\bibindent=\dimen102
)
(c:/texlive/2012/texmf-dist/tex/latex/graphics/graphicx.sty
Package: graphicx 1999/02/16 v1.0f Enhanced LaTeX Graphics (DPC,SPQR)

(c:/texlive/2012/texmf-dist/tex/latex/graphics/keyval.sty
Package: keyval 1999/03/16 v1.13 key=value parser (DPC)
\KV@toks@=\toks14
)
(c:/texlive/2012/texmf-dist/tex/latex/graphics/graphics.sty
Package: graphics 2009/02/05 v1.0o Standard LaTeX Graphics (DPC,SPQR)

(c:/texlive/2012/texmf-dist/tex/latex/graphics/trig.sty
Package: trig 1999/03/16 v1.09 sin cos tan (DPC)
)
(c:/texlive/2012/texmf-dist/tex/latex/latexconfig/graphics.cfg
File: graphics.cfg 2010/04/23 v1.9 graphics configuration of TeX Live
)
Package graphics Info: Driver file: pdftex.def on input line 91.

(c:/texlive/2012/texmf-dist/tex/latex/pdftex-def/pdftex.def
File: pdftex.def 2011/05/27 v0.06d Graphics/color for pdfTeX

(c:/texlive/2012/texmf-dist/tex/generic/oberdiek/infwarerr.sty
Package: infwarerr 2010/04/08 v1.3 Providing info/warning/error messages (HO)
)
(c:/texlive/2012/texmf-dist/tex/generic/oberdiek/ltxcmds.sty
Package: ltxcmds 2011/11/09 v1.22 LaTeX kernel commands for general use (HO)
)
\Gread@gobject=\count87
))
\Gin@req@height=\dimen103
\Gin@req@width=\dimen104
)
(c:/texlive/2012/texmf-dist/tex/latex/graphics/color.sty
Package: color 2005/11/14 v1.0j Standard LaTeX Color (DPC)

(c:/texlive/2012/texmf-dist/tex/latex/latexconfig/color.cfg
File: color.cfg 2007/01/18 v1.5 color configuration of teTeX/TeXLive
)
Package color Info: Driver file: pdftex.def on input line 130.
)
No file Solver_v2.aux.
\openout1 = `Solver_v2.aux'.

LaTeX Font Info:    Checking defaults for OML/cmm/m/it on input line 13.
LaTeX Font Info:    ... okay on input line 13.
LaTeX Font Info:    Checking defaults for T1/cmr/m/n on input line 13.
LaTeX Font Info:    ... okay on input line 13.
LaTeX Font Info:    Checking defaults for OT1/cmr/m/n on input line 13.
LaTeX Font Info:    ... okay on input line 13.
LaTeX Font Info:    Checking defaults for OMS/cmsy/m/n on input line 13.
LaTeX Font Info:    ... okay on input line 13.
LaTeX Font Info:    Checking defaults for OMX/cmex/m/n on input line 13.
LaTeX Font Info:    ... okay on input line 13.
LaTeX Font Info:    Checking defaults for U/cmr/m/n on input line 13.
LaTeX Font Info:    ... okay on input line 13.
(c:/texlive/2012/texmf-dist/tex/context/base/supp-pdf.mkii
[Loading MPS to PDF converter (version 2006.09.02).]
\scratchcounter=\count88
\scratchdimen=\dimen105
\scratchbox=\box26
\nofMPsegments=\count89
\nofMParguments=\count90
\everyMPshowfont=\toks15
\MPscratchCnt=\count91
\MPscratchDim=\dimen106
\MPnumerator=\count92
\makeMPintoPDFobject=\count93
\everyMPtoPDFconversion=\toks16
) (c:/texlive/2012/texmf-dist/tex/generic/oberdiek/pdftexcmds.sty
Package: pdftexcmds 2011/11/29 v0.20 Utility functions of pdfTeX for LuaTeX (HO
)

(c:/texlive/2012/texmf-dist/tex/generic/oberdiek/ifluatex.sty
Package: ifluatex 2010/03/01 v1.3 Provides the ifluatex switch (HO)
Package ifluatex Info: LuaTeX not detected.
)
(c:/texlive/2012/texmf-dist/tex/generic/oberdiek/ifpdf.sty
Package: ifpdf 2011/01/30 v2.3 Provides the ifpdf switch (HO)
Package ifpdf Info: pdfTeX in PDF mode is detected.
)
Package pdftexcmds Info: LuaTeX not detected.
Package pdftexcmds Info: \pdf@primitive is available.
Package pdftexcmds Info: \pdf@ifprimitive is available.
Package pdftexcmds Info: \pdfdraftmode found.
)
(c:/texlive/2012/texmf-dist/tex/latex/oberdiek/epstopdf-base.sty
Package: epstopdf-base 2010/02/09 v2.5 Base part for package epstopdf

(c:/texlive/2012/texmf-dist/tex/latex/oberdiek/grfext.sty
Package: grfext 2010/08/19 v1.1 Manage graphics extensions (HO)

(c:/texlive/2012/texmf-dist/tex/generic/oberdiek/kvdefinekeys.sty
Package: kvdefinekeys 2011/04/07 v1.3 Define keys (HO)
))
(c:/texlive/2012/texmf-dist/tex/latex/oberdiek/kvoptions.sty
Package: kvoptions 2011/06/30 v3.11 Key value format for package options (HO)

(c:/texlive/2012/texmf-dist/tex/generic/oberdiek/kvsetkeys.sty
Package: kvsetkeys 2012/04/25 v1.16 Key value parser (HO)

(c:/texlive/2012/texmf-dist/tex/generic/oberdiek/etexcmds.sty
Package: etexcmds 2011/02/16 v1.5 Avoid name clashes with e-TeX commands (HO)
Package etexcmds Info: Could not find \expanded.
(etexcmds)             That can mean that you are not using pdfTeX 1.50 or
(etexcmds)             that some package has redefined \expanded.
(etexcmds)             In the latter case, load this package earlier.
)))
Package grfext Info: Graphics extension search list:
(grfext)             [.png,.pdf,.jpg,.mps,.jpeg,.jbig2,.jb2,.PNG,.PDF,.JPG,.JPE
G,.JBIG2,.JB2,.eps]
(grfext)             \AppendGraphicsExtensions on input line 452.

(c:/texlive/2012/texmf-dist/tex/latex/latexconfig/epstopdf-sys.cfg
File: epstopdf-sys.cfg 2010/07/13 v1.3 Configuration of (r)epstopdf for TeX Liv
e
))
Overfull \hbox (32.9967pt too wide) in paragraph at lines 169--169
[]\OT1/cmtt/m/n/10 function [ D , Ksis] = Solver_v2( Cor,Pos,R,E,dofConstraints
,P,nel,ndof)[] 
 []


Overfull \hbox (48.74657pt too wide) in paragraph at lines 169--169
[]\OT1/cmtt/m/n/10 % Here we define the position of the Gauss points in intrins
ic co-ordinates[] 
 []


Overfull \hbox (38.24666pt too wide) in paragraph at lines 169--169
[]\OT1/cmtt/m/n/10 %for the 2x2x2 Gauss integration that must be performed to c
alculate each[] 
 []


Overfull \hbox (32.9967pt too wide) in paragraph at lines 169--169
[]\OT1/cmtt/m/n/10 pxn=zeros(8); % Will hold global x coordinateof each of the 
nodes in el.[] 
 []


Overfull \hbox (48.74657pt too wide) in paragraph at lines 169--169
[]\OT1/cmtt/m/n/10 A=zeros(6,24,nel);% Array holding strain displacement matric
es for each el.[] 
 []


Overfull \hbox (43.49661pt too wide) in paragraph at lines 169--169
[]\OT1/cmtt/m/n/10 %___Element Stiffnes Matrix Calculation_____________________
______________[] 
 []

[1

{c:/texlive/2012/texmf-var/fonts/map/pdftex/updmap/pdftex.map}]
Overfull \hbox (27.74675pt too wide) in paragraph at lines 169--169
[]\OT1/cmtt/m/n/10 % find e n j which are intrinsic co-ordinates of gauss point
s e(i) is e[] 
 []


Overfull \hbox (32.9967pt too wide) in paragraph at lines 169--169
[]\OT1/cmtt/m/n/10 % Call to fundction that returns the Jacobian for transforma
tion between[] 
 []


Overfull \hbox (6.74693pt too wide) in paragraph at lines 169--169
[]\OT1/cmtt/m/n/10 % intrinic and global co-ordinates and the derivatives of th
e shape[] 
 []


Overfull \hbox (38.24666pt too wide) in paragraph at lines 169--169
[]\OT1/cmtt/m/n/10 % functions with respect to global co-ordinates Hx,Hy,Hz at 
teh ith Gauss[] 
 []


Overfull \hbox (1.49698pt too wide) in paragraph at lines 169--169
[]\OT1/cmtt/m/n/10 A(:,3*(f-1)+1,s)= [Hx(f);   0   ;   0  ;  Hy(f) ;   0   ;  H
z(f)];[] 
 []


Overfull \hbox (1.49698pt too wide) in paragraph at lines 169--169
[]\OT1/cmtt/m/n/10 A(:,3*(f-1)+2,s)= [ 0   ; Hy(f) ;   0  ;  Hx(f) ;  Hz(f);   
0   ];[] 
 []


Overfull \hbox (1.49698pt too wide) in paragraph at lines 169--169
[]\OT1/cmtt/m/n/10 A(:,3*(f-1)+3,s)= [ 0   ;   0   ; Hz(f);   0    ;  Hy(f);  H
x(f)];[] 
 []


Overfull \hbox (43.49661pt too wide) in paragraph at lines 169--169
[]\OT1/cmtt/m/n/10 %___________________________________________________________
______________[] 
 []


Overfull \hbox (43.49661pt too wide) in paragraph at lines 169--169
[]\OT1/cmtt/m/n/10 %______Assemble System Stiffness Matrix_____________________
______________[] 
 []


Overfull \hbox (38.24666pt too wide) in paragraph at lines 169--169
[]\OT1/cmtt/m/n/10 % This code assembles the vectors a b c which hold the indic
es and values[] 
 []

[2]
Overfull \hbox (27.74675pt too wide) in paragraph at lines 169--169
[]\OT1/cmtt/m/n/10 bcwt=trace(Ksis)/24; % bcwt is used to ensure matrix is prop
erly scaled[] 
 []


Overfull \hbox (43.49661pt too wide) in paragraph at lines 169--169
[]\OT1/cmtt/m/n/10 Ksis(dofConstraints(:,1),:) = 0;  % Here setting rows and co
lumns correspo[] 
 []


Overfull \hbox (38.24666pt too wide) in paragraph at lines 169--169
[]\OT1/cmtt/m/n/10 P(dofConstraints(:,1)) = bcwt*dofConstraints(:,2); % These t
wo lines make[] 
 []


Overfull \hbox (17.24684pt too wide) in paragraph at lines 169--169
[]\OT1/cmtt/m/n/10 % sure we haven't changed the system of linear equations in 
doing so.[] 
 []


Overfull \hbox (48.74657pt too wide) in paragraph at lines 169--169
[]\OT1/cmtt/m/n/10 %n.b both rows and columns corresponding to constrained dofs
 are set to zer[] 
 []


Overfull \hbox (17.24684pt too wide) in paragraph at lines 169--169
[]\OT1/cmtt/m/n/10 %o. Not stricly neccessary but maintains symmetry -> faster 
solution.[] 
 []

[3]
Overfull \hbox (27.74675pt too wide) in paragraph at lines 169--169
[]\OT1/cmtt/m/n/10 %Solve for displacements D using Cholesky Decomposition. The
 \ operator[] 
 []

[4] (./Solver_v2.aux) ) 
Here is how much of TeX's memory you used:
 1502 strings out of 493481
 21406 string characters out of 3144420
 78390 words of memory out of 3000000
 4828 multiletter control sequences out of 15000+200000
 3808 words of font info for 15 fonts, out of 3000000 for 9000
 957 hyphenation exceptions out of 8191
 38i,5n,23p,239b,240s stack positions out of 5000i,500n,10000p,200000b,50000s
<c:/texlive/2012/texmf-dist/fonts/type1/public/amsfonts/
cm/cmr10.pfb><c:/texlive/2012/texmf-dist/fonts/type1/public/amsfonts/cm/cmtt10.
pfb>
Output written on Solver_v2.pdf (4 pages, 32779 bytes).
PDF statistics:
 25 PDF objects out of 1000 (max. 8388607)
 16 compressed objects within 1 object stream
 0 named destinations out of 1000 (max. 500000)
 1 words of extra memory for PDF output out of 10000 (max. 10000000)

